INFO: [HLS 200-10] Running '/tools/Xilinx/Vitis_HLS/2022.1/bin/unwrapped/lnx64.o/vitis_hls'
INFO: [HLS 200-10] For user 'ubuntu' on host 'ubuntu2004.linuxvmimages.local' (Linux_x86_64 version 5.15.0-84-generic) on Thu Oct 05 07:32:50 EDT 2023
INFO: [HLS 200-10] On os Ubuntu 20.04.4 LTS
INFO: [HLS 200-10] In directory '/home/ubuntu/lab/course-lab_2/lab2-axi'
Sourcing Tcl script '/home/ubuntu/lab/course-lab_2/lab2-axi/lab2-AXI/solution1/export.tcl'
INFO: [HLS 200-1510] Running: source /home/ubuntu/lab/course-lab_2/lab2-axi/lab2-AXI/solution1/export.tcl
INFO: [HLS 200-1510] Running: open_project lab2-AXI 
INFO: [HLS 200-10] Opening project '/home/ubuntu/lab/course-lab_2/lab2-axi/lab2-AXI'.
INFO: [HLS 200-1510] Running: set_top fir_n11_maxi 
INFO: [HLS 200-1510] Running: add_files ../hls_FIRN11MAXI/FIR.cpp 
INFO: [HLS 200-10] Adding design file '../hls_FIRN11MAXI/FIR.cpp' to the project
INFO: [HLS 200-1510] Running: add_files ../hls_FIRN11MAXI/FIR.h 
INFO: [HLS 200-10] Adding design file '../hls_FIRN11MAXI/FIR.h' to the project
INFO: [HLS 200-1510] Running: add_files -tb ../hls_FIRN11MAXI/FIRTester.cpp 
INFO: [HLS 200-10] Adding test bench file '../hls_FIRN11MAXI/FIRTester.cpp' to the project
INFO: [HLS 200-1510] Running: open_solution solution1 -flow_target vivado 
INFO: [HLS 200-10] Opening solution '/home/ubuntu/lab/course-lab_2/lab2-axi/lab2-AXI/solution1'.
INFO: [SYN 201-201] Setting up clock 'default' with a period of 10ns.
INFO: [HLS 200-1611] Setting target device to 'xck26-sfvc784-2LV-c'
INFO: [HLS 200-1505] Using flow_target 'vivado'
Resolution: For help on HLS 200-1505 see www.xilinx.com/cgi-bin/docs/rdoc?v=2022.1;t=hls+guidance;d=200-1505.html
INFO: [HLS 200-1464] Running solution command: config_export -output=/home/ubuntu/lab/course-lab_2/lab2-axi/lab2-AXI
INFO: [HLS 200-1510] Running: set_part xck26-sfvc784-2LV-c 
INFO: [HLS 200-1510] Running: create_clock -period 10 -name default 
INFO: [SYN 201-201] Setting up clock 'default' with a period of 10ns.
INFO: [HLS 200-1510] Running: config_export -output /home/ubuntu/lab/course-lab_2/lab2-axi/lab2-AXI 
INFO: [HLS 200-1510] Running: source ./lab2-AXI/solution1/directives.tcl
INFO: [HLS 200-1510] Running: set_directive_interface -mode s_axilite fir_n11_maxi 
INFO: [HLS 200-1510] Running: set_directive_interface -mode m_axi -depth 600 fir_n11_maxi pn32HPInput 
INFO: [HLS 200-1510] Running: set_directive_interface -mode m_axi -depth 600 -offset slave fir_n11_maxi pn32HPOutput 
INFO: [HLS 200-1510] Running: set_directive_interface -mode s_axilite fir_n11_maxi an32Coef 
INFO: [HLS 200-1510] Running: set_directive_interface -mode s_axilite fir_n11_maxi regXferLeng 
INFO: [HLS 200-1510] Running: export_design -rtl verilog -format ip_catalog -output /home/ubuntu/lab/course-lab_2/lab2-axi/lab2-AXI 
INFO: [IMPL 213-8] Exporting RTL as a Vivado IP.

****** Vivado v2022.1 (64-bit)
  **** SW Build 3526262 on Mon Apr 18 15:47:01 MDT 2022
  **** IP Build 3524634 on Mon Apr 18 20:55:01 MDT 2022
    ** Copyright 1986-2022 Xilinx, Inc. All Rights Reserved.

source run_ippack.tcl -notrace
INFO: [IP_Flow 19-234] Refreshing IP repositories
INFO: [IP_Flow 19-1704] No user IP repositories specified
INFO: [IP_Flow 19-2313] Loaded Vivado IP repository '/tools/Xilinx/Vivado/2022.1/data/ip'.
INFO: [Common 17-206] Exiting Vivado at Thu Oct  5 07:33:15 2023...
INFO: [HLS 200-802] Generated output file lab2-AXI/export.zip
INFO: [HLS 200-111] Finished Command export_design CPU user time: 13.35 seconds. CPU system time: 6.3 seconds. Elapsed time: 20.82 seconds; current allocated memory: 8.449 MB.
INFO: [HLS 200-112] Total CPU user time: 16.76 seconds. Total CPU system time: 12.42 seconds. Total elapsed time: 28.32 seconds; peak allocated memory: 465.207 MB.
